Output\Release\CSS
Output\Release\Fonts
Output\Release\Translit
Output\Release\Template
Output\Release\eu
Output\Release\DefaultSettings
Output\Release\fb2.dtd
Output\Release\genrestransfer.xml
Output\Release\changes.txt
Output\Release\Fb2ePub.exe
Output\Release\Fb2ePub.exe.config
Output\Release\Fb2ePubGui.exe
Output\Release\Fb2ePubGui.exe.config
Output\Release\EPubLibrary.dll
Output\Release\FB2EPubConverter.dll
Output\Release\FB2EPubConverter.dll.config
Output\Release\Fb2epubSettings.dll
Output\Release\Fb2FixLib.dll
Output\Release\FB2Library.dll
Output\Release\FolderSettingsHelper.dll
Output\Release\FontSettings.dll
Output\Release\ICSharpCode.SharpZipLib.dll
Output\Release\ISOLanguages.dll
Output\Release\log4net.dll
Output\Release\NUnrar.dll
Output\Release\TranslitRu.dll
Output\Release\XHTMLClassLibrary.dll
Output\Release\XMLFixerLibrary.dll
Output\Release\readme_en.htm
Output\Release\license.docx
Output\Release\defsettings.xml